Using pre-set license
Built from '2020.3/staging' branch; Version is '2020.3.4f1 (0abb6314276a) revision 703331'; Using compiler version '192528614'; Build Type 'Release'
OS: 'Windows 10 Home; OS build 19041.867; Version 2004; 64bit' Language: 'zh' Physical Memory: 8061 MB
BatchMode: 1, IsHumanControllingUs: 0, StartBugReporterOnCrash: 0, Is64bit: 1, IsPro: 0

 COMMAND LINE ARGUMENTS:
C:\Program Files\Unity\Hub\Editor\2020.3.4f1\Editor\Unity.exe
-adb2
-batchMode
-noUpm
-name
AssetImportWorker0
-projectPath
F:/Game Development/Yu Unit 2 Learning
-logFile
Logs/AssetImportWorker0.log
-srvPort
51835
Successfully changed project path to: F:/Game Development/Yu Unit 2 Learning
F:/Game Development/Yu Unit 2 Learning
Using Asset Import Pipeline V2.
Refreshing native plugins compatible for Editor in 93.92 ms, found 0 plugins.
Preloading 0 native plugins for Editor in 0.00 ms.
Initialize engine version: 2020.3.4f1 (0abb6314276a)
[Subsystems] Discovering subsystems at path C:/Program Files/Unity/Hub/Editor/2020.3.4f1/Editor/Data/Resources/UnitySubsystems
[Subsystems] Discovering subsystems at path F:/Game Development/Yu Unit 2 Learning/Assets
GfxDevice: creating device client; threaded=0
Direct3D:
    Version:  Direct3D 11.0 [level 11.1]
    Renderer: Intel(R) HD Graphics 620 (ID=0x5916)
    Vendor:   
    VRAM:     4030 MB
    Driver:   23.20.16.4973
Initialize mono
Mono path[0] = 'C:/Program Files/Unity/Hub/Editor/2020.3.4f1/Editor/Data/Managed'
Mono path[1] = 'C:/Program Files/Unity/Hub/Editor/2020.3.4f1/Editor/Data/MonoBleedingEdge/lib/mono/unityjit'
Mono config path = 'C:/Program Files/Unity/Hub/Editor/2020.3.4f1/Editor/Data/MonoBleedingEdge/etc'
Using monoOptions --debugger-agent=transport=dt_socket,embedding=1,server=y,suspend=n,address=127.0.0.1:56264
Begin MonoManager ReloadAssembly
Registering precompiled unity dll's ...
Register platform support module: C:/Program Files/Unity/Hub/Editor/2020.3.4f1/Editor/Data/PlaybackEngines/WindowsStandaloneSupport/UnityEditor.WindowsStandalone.Extensions.dll
Registered in 0.003478 seconds.
Native extension for WindowsStandalone target not found
Refreshing native plugins compatible for Editor in 73.20 ms, found 0 plugins.
Preloading 0 native plugins for Editor in 0.00 ms.
Mono: successfully reloaded assembly
- Completed reload, in  2.450 seconds
Platform modules already initialized, skipping
Registering precompiled user dll's ...
Registered in 0.001446 seconds.
Begin MonoManager ReloadAssembly
Native extension for WindowsStandalone target not found
Refreshing native plugins compatible for Editor in 0.25 ms, found 0 plugins.
Preloading 0 native plugins for Editor in 0.00 ms.
Mono: successfully reloaded assembly
- Completed reload, in  1.939 seconds
Platform modules already initialized, skipping
========================================================================
Worker process is ready to serve import requests
Launched and connected shader compiler UnityShaderCompiler.exe after 0.20 seconds
Refreshing native plugins compatible for Editor in 0.25 ms, found 0 plugins.
Preloading 0 native plugins for Editor in 0.00 ms.
Unloading 1115 Unused Serialized files (Serialized files now loaded: 0)
System memory in use before: 57.1 MB.
System memory in use after: 57.2 MB.

Unloading 10 unused Assets to reduce memory usage. Loaded Objects now: 1557.
Total: 3.344600 ms (FindLiveObjects: 0.250400 ms CreateObjectMapping: 0.098200 ms MarkObjects: 2.861900 ms  DeleteObjects: 0.131800 ms)

========================================================================
Received Import Request.
  path: Assets
  artifactKey: Guid(00000000000000001000000000000000) Importer(815301076,1909f56bfc062723c751e8b465ee728b)
Start importing Assets using Guid(00000000000000001000000000000000) Importer(815301076,1909f56bfc062723c751e8b465ee728b)  -> (artifact id: '025e4f587c23674256bb898581e82961') in 0.052799 seconds
  Import took 0.070588 seconds .

========================================================================
Received Import Request.
  Time since last request: 1.579565 seconds.
  path: Assets/Material
  artifactKey: Guid(a601572130edace419f98b330c1f08e2) Importer(815301076,1909f56bfc062723c751e8b465ee728b)
Start importing Assets/Material using Guid(a601572130edace419f98b330c1f08e2) Importer(815301076,1909f56bfc062723c751e8b465ee728b)  -> (artifact id: 'd1b08365b955dd492a2301590cef436a') in 0.053232 seconds
  Import took 0.067178 seconds .

========================================================================
Received Import Request.
  Time since last request: 15.208354 seconds.
  path: Assets/Scripts
  artifactKey: Guid(6e01f72cbf5ae154eadc0b5b83427b24) Importer(815301076,1909f56bfc062723c751e8b465ee728b)
Start importing Assets/Scripts using Guid(6e01f72cbf5ae154eadc0b5b83427b24) Importer(815301076,1909f56bfc062723c751e8b465ee728b)  -> (artifact id: 'aa86268e1c47b121e07cda4594d423ff') in 0.175728 seconds
  Import took 0.195800 seconds .

========================================================================
Received Import Request.
  Time since last request: 11.616659 seconds.
  path: Assets/Prefabs
  artifactKey: Guid(412449f8ad8947848b90f10b05de5b56) Importer(815301076,1909f56bfc062723c751e8b465ee728b)
Start importing Assets/Prefabs using Guid(412449f8ad8947848b90f10b05de5b56) Importer(815301076,1909f56bfc062723c751e8b465ee728b)  -> (artifact id: '41281bf0d55718ce0d3f39bfcbd926de') in 0.055991 seconds
  Import took 0.064025 seconds .

========================================================================
Received Import Request.
  Time since last request: 5.272431 seconds.
  path: Assets/Materials
  artifactKey: Guid(a601572130edace419f98b330c1f08e2) Importer(815301076,1909f56bfc062723c751e8b465ee728b)
Start importing Assets/Materials using Guid(a601572130edace419f98b330c1f08e2) Importer(815301076,1909f56bfc062723c751e8b465ee728b)  -> (artifact id: '72d6e2fb945fcbff87ddb595044e2f2d') in 0.051894 seconds
  Import took 0.082951 seconds .

========================================================================
Received Import Request.
  Time since last request: 7.695027 seconds.
  path: Assets/Scenes/SampleScene.unity
  artifactKey: Guid(9fc0d4010bbf28b4594072e72b8655ab) Importer(815301076,1909f56bfc062723c751e8b465ee728b)
Start importing Assets/Scenes/SampleScene.unity using Guid(9fc0d4010bbf28b4594072e72b8655ab) Importer(815301076,1909f56bfc062723c751e8b465ee728b)  -> (artifact id: 'a0dd8c018c451bceae1e1302a1531463') in 0.109294 seconds
  Import took 0.114865 seconds .

========================================================================
Received Import Request.
  Time since last request: 6.504474 seconds.
  path: Assets/Scenes/PlatGround.unity
  artifactKey: Guid(9fc0d4010bbf28b4594072e72b8655ab) Importer(815301076,1909f56bfc062723c751e8b465ee728b)
Start importing Assets/Scenes/PlatGround.unity using Guid(9fc0d4010bbf28b4594072e72b8655ab) Importer(815301076,1909f56bfc062723c751e8b465ee728b)  -> (artifact id: 'fd7ac3faea53c0683f00971a72c1f6c0') in 0.084510 seconds
  Import took 0.092809 seconds .

========================================================================
Received Import Request.
  Time since last request: 8.069875 seconds.
  path: Assets/Scenes/PlayGround.unity
  artifactKey: Guid(9fc0d4010bbf28b4594072e72b8655ab) Importer(815301076,1909f56bfc062723c751e8b465ee728b)
Start importing Assets/Scenes/PlayGround.unity using Guid(9fc0d4010bbf28b4594072e72b8655ab) Importer(815301076,1909f56bfc062723c751e8b465ee728b)  -> (artifact id: '031ce219ebfbdc2d964105d6a104b456') in 0.078177 seconds
  Import took 0.083904 seconds .

========================================================================
Received Import Request.
  Time since last request: 59.084467 seconds.
  path: Assets/Materials/New Material.mat
  artifactKey: Guid(b845e1c0bf18b1149abbbd80a22c15a1) Importer(815301076,1909f56bfc062723c751e8b465ee728b)
Start importing Assets/Materials/New Material.mat using Guid(b845e1c0bf18b1149abbbd80a22c15a1) Importer(815301076,1909f56bfc062723c751e8b465ee728b)  -> (artifact id: '963f88455f912c17dd72faf5585c02cb') in 0.676237 seconds
  Import took 0.684297 seconds .

========================================================================
Received Import Request.
  Time since last request: 359.604906 seconds.
  path: Assets/Materials/New Material.mat
  artifactKey: Guid(b845e1c0bf18b1149abbbd80a22c15a1) Importer(815301076,1909f56bfc062723c751e8b465ee728b)
Start importing Assets/Materials/New Material.mat using Guid(b845e1c0bf18b1149abbbd80a22c15a1) Importer(815301076,1909f56bfc062723c751e8b465ee728b)  -> (artifact id: '6a54648e12a2871178fdce5ef3edb0b9') in 0.270041 seconds
  Import took 0.278937 seconds .

========================================================================
Received Import Request.
  Time since last request: 1816.685564 seconds.
  path: Assets/SkySerie Freebie/ExampleScenes/SceneObjects/2_10.mat
  artifactKey: Guid(eb10b6f571322b443bec8c532c088270) Importer(815301076,1909f56bfc062723c751e8b465ee728b)
Start importing Assets/SkySerie Freebie/ExampleScenes/SceneObjects/2_10.mat using Guid(eb10b6f571322b443bec8c532c088270) Importer(815301076,1909f56bfc062723c751e8b465ee728b)  -> (artifact id: '48829cc48c35744ec8c32e6118eaf803') in 0.123477 seconds
  Import took 0.142926 seconds .

========================================================================
Received Import Request.
  Time since last request: 0.000443 seconds.
  path: Assets/SkySerie Freebie/HighFantasy.mat
  artifactKey: Guid(e2341a9d03e86ec4290c72b1e22bbc7c) Importer(815301076,1909f56bfc062723c751e8b465ee728b)
Start importing Assets/SkySerie Freebie/HighFantasy.mat using Guid(e2341a9d03e86ec4290c72b1e22bbc7c) Importer(815301076,1909f56bfc062723c751e8b465ee728b)  -> (artifact id: 'd38a593575b017574981000da8dbc12e') in 0.520060 seconds
  Import took 0.527995 seconds .

========================================================================
Received Import Request.
  Time since last request: 0.000344 seconds.
  path: Assets/SkySerie Freebie/UnderTheSea4k.mat
  artifactKey: Guid(119ec07f1c7ed204db46bd8465fd5a50) Importer(815301076,1909f56bfc062723c751e8b465ee728b)
Start importing Assets/SkySerie Freebie/UnderTheSea4k.mat using Guid(119ec07f1c7ed204db46bd8465fd5a50) Importer(815301076,1909f56bfc062723c751e8b465ee728b)  -> (artifact id: '386f45a1bb2a551b8b3f69c7f89f66f2') in 0.204535 seconds
  Import took 0.211445 seconds .

========================================================================
Received Import Request.
  Time since last request: 0.000409 seconds.
  path: Assets/SkySerie Freebie/UnearthlyRed.mat
  artifactKey: Guid(5d133deeaa66ed445853e946ff25e073) Importer(815301076,1909f56bfc062723c751e8b465ee728b)
Start importing Assets/SkySerie Freebie/UnearthlyRed.mat using Guid(5d133deeaa66ed445853e946ff25e073) Importer(815301076,1909f56bfc062723c751e8b465ee728b)  -> (artifact id: '904d89e89871cc0b426a5842b8edecd9') in 0.172254 seconds
  Import took 0.180318 seconds .

========================================================================
Received Import Request.
  Time since last request: 0.000360 seconds.
  path: Assets/SkySerie Freebie/CosmicCoolCloud.mat
  artifactKey: Guid(f531e09e2ad2fb440b4eed7605863143) Importer(815301076,1909f56bfc062723c751e8b465ee728b)
Start importing Assets/SkySerie Freebie/CosmicCoolCloud.mat using Guid(f531e09e2ad2fb440b4eed7605863143) Importer(815301076,1909f56bfc062723c751e8b465ee728b)  -> (artifact id: '34c306718b6c9752286b8eee4607f3a7') in 1.062018 seconds
  Import took 1.066625 seconds .

========================================================================
Received Import Request.
  Time since last request: 0.000494 seconds.
  path: Assets/SkySerie Freebie/SunlessCirruscover.mat
  artifactKey: Guid(4e154bf235e41704bbd6bbc6fd6c63f6) Importer(815301076,1909f56bfc062723c751e8b465ee728b)
Start importing Assets/SkySerie Freebie/SunlessCirruscover.mat using Guid(4e154bf235e41704bbd6bbc6fd6c63f6) Importer(815301076,1909f56bfc062723c751e8b465ee728b)  -> (artifact id: '3a9ef8d4ae463ce49e7d7c9c75f5c51d') in 0.168616 seconds
  Import took 0.175330 seconds .

========================================================================
Received Import Request.
  Time since last request: 0.000393 seconds.
  path: Assets/SkySerie Freebie/6SidedMegaSun.mat
  artifactKey: Guid(c52c5d7968fa6c9499b0b5752f899bfb) Importer(815301076,1909f56bfc062723c751e8b465ee728b)
Start importing Assets/SkySerie Freebie/6SidedMegaSun.mat using Guid(c52c5d7968fa6c9499b0b5752f899bfb) Importer(815301076,1909f56bfc062723c751e8b465ee728b)  -> (artifact id: '62aa21e5c87a13eb066375afe9020a7f') in 0.221267 seconds
  Import took 0.227637 seconds .

========================================================================
Received Import Request.
  Time since last request: 0.000099 seconds.
  path: Assets/SkySerie Freebie/DayInTheClouds.mat
  artifactKey: Guid(3e5399bd195de7649b874f58c1b9f8a3) Importer(815301076,1909f56bfc062723c751e8b465ee728b)
Start importing Assets/SkySerie Freebie/DayInTheClouds.mat using Guid(3e5399bd195de7649b874f58c1b9f8a3) Importer(815301076,1909f56bfc062723c751e8b465ee728b)  -> (artifact id: '36a689f2ac05d916975ae17eebfb32ca') in 0.191199 seconds
  Import took 0.198433 seconds .

========================================================================
Received Import Request.
  Time since last request: 0.000400 seconds.
  path: Assets/SkySerie Freebie/6SidedFluffball.mat
  artifactKey: Guid(efd1c33efd2d58340b88804268e6833f) Importer(815301076,1909f56bfc062723c751e8b465ee728b)
Start importing Assets/SkySerie Freebie/6SidedFluffball.mat using Guid(efd1c33efd2d58340b88804268e6833f) Importer(815301076,1909f56bfc062723c751e8b465ee728b)  -> (artifact id: '4dd3f0fb90dbcfab245a6eae703cbbc9') in 0.145616 seconds
  Import took 0.151152 seconds .

========================================================================
Received Import Request.
  Time since last request: 0.000403 seconds.
  path: Assets/SkySerie Freebie/Cloudymorning.mat
  artifactKey: Guid(d9dca9ae1786c394f9e79c637aa9a7bf) Importer(815301076,1909f56bfc062723c751e8b465ee728b)
Start importing Assets/SkySerie Freebie/Cloudymorning.mat using Guid(d9dca9ae1786c394f9e79c637aa9a7bf) Importer(815301076,1909f56bfc062723c751e8b465ee728b)  -> (artifact id: 'ed70063d5614b8b7f06d2e27d8d6f465') in 0.192364 seconds
  Import took 0.199820 seconds .

========================================================================
Received Import Request.
  Time since last request: 0.000466 seconds.
  path: Assets/SkySerie Freebie/CoriolisNight4k.mat
  artifactKey: Guid(d4454f71d85928744be7771e2143dab7) Importer(815301076,1909f56bfc062723c751e8b465ee728b)
Start importing Assets/SkySerie Freebie/CoriolisNight4k.mat using Guid(d4454f71d85928744be7771e2143dab7) Importer(815301076,1909f56bfc062723c751e8b465ee728b)  -> (artifact id: '0c35452d243b0a0b312323cae5f35e43') in 0.150388 seconds
  Import took 0.162003 seconds .

========================================================================
Received Import Request.
  Time since last request: 0.001056 seconds.
  path: Assets/SkySerie Freebie/SkyhighFluffycloudField.mat
  artifactKey: Guid(f15c336556dd74f40aaca655f7767970) Importer(815301076,1909f56bfc062723c751e8b465ee728b)
Start importing Assets/SkySerie Freebie/SkyhighFluffycloudField.mat using Guid(f15c336556dd74f40aaca655f7767970) Importer(815301076,1909f56bfc062723c751e8b465ee728b)  -> (artifact id: 'b522d84d5e47d130d8adb7c0c399d3d8') in 0.171882 seconds
  Import took 0.181218 seconds .

========================================================================
Received Import Request.
  Time since last request: 0.000323 seconds.
  path: Assets/SkySerie Freebie/PlanetaryEarth.mat
  artifactKey: Guid(16bc8a9d5451ca44d8f70575adbece3a) Importer(815301076,1909f56bfc062723c751e8b465ee728b)
Start importing Assets/SkySerie Freebie/PlanetaryEarth.mat using Guid(16bc8a9d5451ca44d8f70575adbece3a) Importer(815301076,1909f56bfc062723c751e8b465ee728b)  -> (artifact id: '7fc55b26aa7c2b83689ed402c3759edd') in 0.166285 seconds
  Import took 0.172189 seconds .

========================================================================
Received Import Request.
  Time since last request: 0.001019 seconds.
  path: Assets/SkySerie Freebie/ExampleScenes/SceneObjects/4_10.mat
  artifactKey: Guid(db3bceb128d32144ca6fd4550ac256bc) Importer(815301076,1909f56bfc062723c751e8b465ee728b)
Start importing Assets/SkySerie Freebie/ExampleScenes/SceneObjects/4_10.mat using Guid(db3bceb128d32144ca6fd4550ac256bc) Importer(815301076,1909f56bfc062723c751e8b465ee728b)  -> (artifact id: 'a5e268de98841f1303557f00ef7fef93') in 0.094393 seconds
  Import took 0.100555 seconds .

========================================================================
Received Import Request.
  Time since last request: 0.000386 seconds.
  path: Assets/SkySerie Freebie/DarkStorm.mat
  artifactKey: Guid(2039a0ad0a9d05549928b70362f54902) Importer(815301076,1909f56bfc062723c751e8b465ee728b)
Start importing Assets/SkySerie Freebie/DarkStorm.mat using Guid(2039a0ad0a9d05549928b70362f54902) Importer(815301076,1909f56bfc062723c751e8b465ee728b)  -> (artifact id: '931c48582821a03ef6e8d4adc2e4e409') in 0.186639 seconds
  Import took 0.200973 seconds .

========================================================================
Received Import Request.
  Time since last request: 0.000405 seconds.
  path: Assets/SkySerie Freebie/ExampleScenes/SceneObjects/Full.mat
  artifactKey: Guid(1b27a20a436b4c64b882a6f739bf91de) Importer(815301076,1909f56bfc062723c751e8b465ee728b)
Start importing Assets/SkySerie Freebie/ExampleScenes/SceneObjects/Full.mat using Guid(1b27a20a436b4c64b882a6f739bf91de) Importer(815301076,1909f56bfc062723c751e8b465ee728b)  -> (artifact id: 'fee591e71c5be97d0c855b6351907af2') in 0.069512 seconds
  Import took 0.072398 seconds .

========================================================================
Received Import Request.
  Time since last request: 0.000575 seconds.
  path: Assets/SkySerie Freebie/ExampleScenes/SceneObjects/8_10.mat
  artifactKey: Guid(964f6a34e2240bf45940918b112ce7be) Importer(815301076,1909f56bfc062723c751e8b465ee728b)
Start importing Assets/SkySerie Freebie/ExampleScenes/SceneObjects/8_10.mat using Guid(964f6a34e2240bf45940918b112ce7be) Importer(815301076,1909f56bfc062723c751e8b465ee728b)  -> (artifact id: 'acaf40feabd9623ae8eb0a786426e7dc') in 0.112296 seconds
  Import took 0.119688 seconds .

========================================================================
Received Import Request.
  Time since last request: 0.000356 seconds.
  path: Assets/SkySerie Freebie/AmbienceExposure.mat
  artifactKey: Guid(72deae4d18418f94688abef8e8483df0) Importer(815301076,1909f56bfc062723c751e8b465ee728b)
Start importing Assets/SkySerie Freebie/AmbienceExposure.mat using Guid(72deae4d18418f94688abef8e8483df0) Importer(815301076,1909f56bfc062723c751e8b465ee728b)  -> (artifact id: 'accf04faa9522d76d338078745c744bf') in 0.170112 seconds
  Import took 0.177101 seconds .

========================================================================
Received Import Request.
  Time since last request: 0.000374 seconds.
  path: Assets/SkySerie Freebie/ExampleScenes/SceneObjects/6_10.mat
  artifactKey: Guid(abcc3c67b7d0a794f8bb91be4e85abdd) Importer(815301076,1909f56bfc062723c751e8b465ee728b)
Start importing Assets/SkySerie Freebie/ExampleScenes/SceneObjects/6_10.mat using Guid(abcc3c67b7d0a794f8bb91be4e85abdd) Importer(815301076,1909f56bfc062723c751e8b465ee728b)  -> (artifact id: 'c94595823d82b4dad61e443d034edb5b') in 0.102427 seconds
  Import took 0.106753 seconds .

========================================================================
Received Import Request.
  Time since last request: 0.000304 seconds.
  path: Assets/SkySerie Freebie/FluffballDay.mat
  artifactKey: Guid(20d4f77b9022eab48b4d94599ed4bf82) Importer(815301076,1909f56bfc062723c751e8b465ee728b)
Start importing Assets/SkySerie Freebie/FluffballDay.mat using Guid(20d4f77b9022eab48b4d94599ed4bf82) Importer(815301076,1909f56bfc062723c751e8b465ee728b)  -> (artifact id: '90bb2aa6a4dbcfa21b2a13f224b48f6b') in 0.184100 seconds
  Import took 0.192949 seconds .

========================================================================
Received Import Request.
  Time since last request: 0.000338 seconds.
  path: Assets/SkySerie Freebie/CloudedSunGlow.mat
  artifactKey: Guid(e391f00234292cc4f935308c11cf0e54) Importer(815301076,1909f56bfc062723c751e8b465ee728b)
Start importing Assets/SkySerie Freebie/CloudedSunGlow.mat using Guid(e391f00234292cc4f935308c11cf0e54) Importer(815301076,1909f56bfc062723c751e8b465ee728b)  -> (artifact id: 'e3f4a97689c40662b771708b0c7b964c') in 0.167091 seconds
  Import took 0.173161 seconds .

========================================================================
Received Import Request.
  Time since last request: 0.000309 seconds.
  path: Assets/SkySerie Freebie/CasualDay.mat
  artifactKey: Guid(85cf0b004bc4a654b9e501efcce47902) Importer(815301076,1909f56bfc062723c751e8b465ee728b)
Start importing Assets/SkySerie Freebie/CasualDay.mat using Guid(85cf0b004bc4a654b9e501efcce47902) Importer(815301076,1909f56bfc062723c751e8b465ee728b)  -> (artifact id: '73c26e5b6c86331a7c16aab418cf789e') in 0.186920 seconds
  Import took 0.195087 seconds .

========================================================================
Received Import Request.
  Time since last request: 0.000335 seconds.
  path: Assets/SkySerie Freebie/MegaSun.mat
  artifactKey: Guid(cede08c9fc471e64884909cd4bbeaf59) Importer(815301076,1909f56bfc062723c751e8b465ee728b)
Start importing Assets/SkySerie Freebie/MegaSun.mat using Guid(cede08c9fc471e64884909cd4bbeaf59) Importer(815301076,1909f56bfc062723c751e8b465ee728b)  -> (artifact id: '0645d0a3892b9723c78befe61e63a6cd') in 0.159115 seconds
  Import took 0.167452 seconds .

========================================================================
Received Prepare
Registering precompiled user dll's ...
Registered in 0.067105 seconds.
Begin MonoManager ReloadAssembly
Native extension for WindowsStandalone target not found
Refreshing native plugins compatible for Editor in 0.50 ms, found 0 plugins.
Preloading 0 native plugins for Editor in 0.00 ms.
Warning: Annotation not found!
UnityEngine.StackTraceUtility:ExtractStackTrace ()
UnityEditor.ProBuilder.EditorUtility:SetGizmoIconEnabled (System.Type,bool) (at Library/PackageCache/com.unity.probuilder@4.5.0/Editor/EditorCore/EditorUtility.cs:593)
UnityEditor.ProBuilder.HierarchyListener:.cctor () (at Library/PackageCache/com.unity.probuilder@4.5.0/Editor/EditorCore/HierarchyListener.cs:21)
System.Runtime.CompilerServices.RuntimeHelpers:RunClassConstructor (System.RuntimeTypeHandle)
UnityEditor.EditorAssemblies:ProcessInitializeOnLoadAttributes (System.Type[])

[Library/PackageCache/com.unity.probuilder@4.5.0/Editor/EditorCore/EditorUtility.cs line 593]

Mono: successfully reloaded assembly
- Completed reload, in 16.908 seconds
Platform modules already initialized, skipping
Refreshing native plugins compatible for Editor in 6.09 ms, found 0 plugins.
Preloading 0 native plugins for Editor in 0.00 ms.
Unloading 1471 Unused Serialized files (Serialized files now loaded: 0)
System memory in use before: 75.4 MB.
System memory in use after: 73.5 MB.

Unloading 28 unused Assets to reduce memory usage. Loaded Objects now: 1941.
Total: 19.308700 ms (FindLiveObjects: 0.300600 ms CreateObjectMapping: 0.089300 ms MarkObjects: 8.302200 ms  DeleteObjects: 10.613900 ms)

========================================================================
Received Prepare
Registering precompiled user dll's ...
Registered in 0.002501 seconds.
Begin MonoManager ReloadAssembly
Native extension for WindowsStandalone target not found
Refreshing native plugins compatible for Editor in 0.38 ms, found 0 plugins.
Preloading 0 native plugins for Editor in 0.00 ms.
Warning: Annotation not found!
UnityEngine.StackTraceUtility:ExtractStackTrace ()
UnityEditor.ProBuilder.EditorUtility:SetGizmoIconEnabled (System.Type,bool) (at Library/PackageCache/com.unity.probuilder@4.5.0/Editor/EditorCore/EditorUtility.cs:593)
UnityEditor.ProBuilder.HierarchyListener:.cctor () (at Library/PackageCache/com.unity.probuilder@4.5.0/Editor/EditorCore/HierarchyListener.cs:21)
System.Runtime.CompilerServices.RuntimeHelpers:RunClassConstructor (System.RuntimeTypeHandle)
UnityEditor.EditorAssemblies:ProcessInitializeOnLoadAttributes (System.Type[])

[Library/PackageCache/com.unity.probuilder@4.5.0/Editor/EditorCore/EditorUtility.cs line 593]

Mono: successfully reloaded assembly
- Completed reload, in  2.039 seconds
Platform modules already initialized, skipping
Refreshing native plugins compatible for Editor in 0.70 ms, found 0 plugins.
Preloading 0 native plugins for Editor in 0.00 ms.
Unloading 1492 Unused Serialized files (Serialized files now loaded: 0)
System memory in use before: 77.0 MB.
System memory in use after: 75.0 MB.

Unloading 29 unused Assets to reduce memory usage. Loaded Objects now: 1965.
Total: 5.551300 ms (FindLiveObjects: 0.195500 ms CreateObjectMapping: 0.064900 ms MarkObjects: 2.422500 ms  DeleteObjects: 2.866600 ms)

========================================================================
Received Import Request.
  Time since last request: 2736.340093 seconds.
  path: Assets/Materials/New Material 1.mat
  artifactKey: Guid(09cacdbce355b674693eb89d003dc0d5) Importer(815301076,1909f56bfc062723c751e8b465ee728b)
Start importing Assets/Materials/New Material 1.mat using Guid(09cacdbce355b674693eb89d003dc0d5) Importer(815301076,1909f56bfc062723c751e8b465ee728b)  -> (artifact id: '18afada51c8af783db49a8d44c8dfcfb') in 0.228923 seconds
  Import took 0.235867 seconds .

========================================================================
Received Import Request.
  Time since last request: 56.767505 seconds.
  path: Assets/Materials/New Material.mat
  artifactKey: Guid(6d6337c9a67a7e14983316e17a1d1ae9) Importer(815301076,1909f56bfc062723c751e8b465ee728b)
Start importing Assets/Materials/New Material.mat using Guid(6d6337c9a67a7e14983316e17a1d1ae9) Importer(815301076,1909f56bfc062723c751e8b465ee728b)  -> (artifact id: 'c1364b80b211e5160d33a2334302289b') in 0.091898 seconds
  Import took 0.107330 seconds .

========================================================================
Received Import Request.
  Time since last request: 18.260155 seconds.
  path: Assets/Materials/New Material.mat
  artifactKey: Guid(3294f4b46ce740c40aafcb42574cc97b) Importer(815301076,1909f56bfc062723c751e8b465ee728b)
Start importing Assets/Materials/New Material.mat using Guid(3294f4b46ce740c40aafcb42574cc97b) Importer(815301076,1909f56bfc062723c751e8b465ee728b)  -> (artifact id: '36829dbb4d1cba63113aa575549a688b') in 0.192669 seconds
  Import took 0.197270 seconds .

========================================================================
Received Import Request.
  Time since last request: 199.606806 seconds.
  path: Assets/Prefabs/Player.prefab
  artifactKey: Guid(2315104df794ff24d8712e512e1a1b65) Importer(815301076,1909f56bfc062723c751e8b465ee728b)
Start importing Assets/Prefabs/Player.prefab using Guid(2315104df794ff24d8712e512e1a1b65) Importer(815301076,1909f56bfc062723c751e8b465ee728b)  -> (artifact id: 'bf601e77c8385228a546956c7fd5d8c0') in 0.668492 seconds
  Import took 0.676981 seconds .

========================================================================
Received Prepare
Registering precompiled user dll's ...
Registered in 0.006472 seconds.
Begin MonoManager ReloadAssembly
Native extension for WindowsStandalone target not found
Refreshing native plugins compatible for Editor in 0.42 ms, found 0 plugins.
Preloading 0 native plugins for Editor in 0.00 ms.
Warning: Annotation not found!
UnityEngine.StackTraceUtility:ExtractStackTrace ()
UnityEditor.ProBuilder.EditorUtility:SetGizmoIconEnabled (System.Type,bool) (at Library/PackageCache/com.unity.probuilder@4.5.0/Editor/EditorCore/EditorUtility.cs:593)
UnityEditor.ProBuilder.HierarchyListener:.cctor () (at Library/PackageCache/com.unity.probuilder@4.5.0/Editor/EditorCore/HierarchyListener.cs:21)
System.Runtime.CompilerServices.RuntimeHelpers:RunClassConstructor (System.RuntimeTypeHandle)
UnityEditor.EditorAssemblies:ProcessInitializeOnLoadAttributes (System.Type[])

[Library/PackageCache/com.unity.probuilder@4.5.0/Editor/EditorCore/EditorUtility.cs line 593]

Mono: successfully reloaded assembly
- Completed reload, in  4.031 seconds
Platform modules already initialized, skipping
Refreshing native plugins compatible for Editor in 0.74 ms, found 0 plugins.
Preloading 0 native plugins for Editor in 0.00 ms.
Unloading 1504 Unused Serialized files (Serialized files now loaded: 0)
System memory in use before: 77.3 MB.
System memory in use after: 75.4 MB.

Unloading 29 unused Assets to reduce memory usage. Loaded Objects now: 1983.
Total: 8.430500 ms (FindLiveObjects: 0.335600 ms CreateObjectMapping: 0.112300 ms MarkObjects: 4.118600 ms  DeleteObjects: 3.861600 ms)

========================================================================
Received Import Request.
  Time since last request: 1770.165555 seconds.
  path: Assets/Week 2 Project Scripts
  artifactKey: Guid(4bd21e4ef02f07445b3e1fcfe81cf630) Importer(815301076,1909f56bfc062723c751e8b465ee728b)
Start importing Assets/Week 2 Project Scripts using Guid(4bd21e4ef02f07445b3e1fcfe81cf630) Importer(815301076,1909f56bfc062723c751e8b465ee728b)  -> (artifact id: 'a4a0fdd47b6dec8523300395ca2f3cb4') in 0.059234 seconds
  Import took 0.068022 seconds .

========================================================================
Received Prepare
Registering precompiled user dll's ...
Registered in 0.002291 seconds.
Begin MonoManager ReloadAssembly
Native extension for WindowsStandalone target not found
Refreshing native plugins compatible for Editor in 0.68 ms, found 0 plugins.
Preloading 0 native plugins for Editor in 0.00 ms.
Warning: Annotation not found!
UnityEngine.StackTraceUtility:ExtractStackTrace ()
UnityEditor.ProBuilder.EditorUtility:SetGizmoIconEnabled (System.Type,bool) (at Library/PackageCache/com.unity.probuilder@4.5.0/Editor/EditorCore/EditorUtility.cs:593)
UnityEditor.ProBuilder.HierarchyListener:.cctor () (at Library/PackageCache/com.unity.probuilder@4.5.0/Editor/EditorCore/HierarchyListener.cs:21)
System.Runtime.CompilerServices.RuntimeHelpers:RunClassConstructor (System.RuntimeTypeHandle)
UnityEditor.EditorAssemblies:ProcessInitializeOnLoadAttributes (System.Type[])

[Library/PackageCache/com.unity.probuilder@4.5.0/Editor/EditorCore/EditorUtility.cs line 593]

Mono: successfully reloaded assembly
- Completed reload, in  3.256 seconds
Platform modules already initialized, skipping
Refreshing native plugins compatible for Editor in 1.33 ms, found 0 plugins.
Preloading 0 native plugins for Editor in 0.00 ms.
Unloading 1504 Unused Serialized files (Serialized files now loaded: 0)
System memory in use before: 77.3 MB.
System memory in use after: 75.4 MB.

Unloading 29 unused Assets to reduce memory usage. Loaded Objects now: 1986.
Total: 9.289200 ms (FindLiveObjects: 0.337400 ms CreateObjectMapping: 0.116100 ms MarkObjects: 5.376700 ms  DeleteObjects: 3.456600 ms)

========================================================================
Received Import Request.
  Time since last request: 2292.343594 seconds.
  path: Assets/Scenes
  artifactKey: Guid(da9da1fc936a3a7449829f075c48444c) Importer(815301076,1909f56bfc062723c751e8b465ee728b)
Start importing Assets/Scenes using Guid(da9da1fc936a3a7449829f075c48444c) Importer(815301076,1909f56bfc062723c751e8b465ee728b)  -> (artifact id: '7804a4e09e9ef30ed1df85db32e68d72') in 0.086039 seconds
  Import took 0.091641 seconds .

========================================================================
Received Prepare
Registering precompiled user dll's ...
Registered in 0.001614 seconds.
Begin MonoManager ReloadAssembly
Native extension for WindowsStandalone target not found
Refreshing native plugins compatible for Editor in 0.39 ms, found 0 plugins.
Preloading 0 native plugins for Editor in 0.00 ms.
Warning: Annotation not found!
UnityEngine.StackTraceUtility:ExtractStackTrace ()
UnityEditor.ProBuilder.EditorUtility:SetGizmoIconEnabled (System.Type,bool) (at Library/PackageCache/com.unity.probuilder@4.5.0/Editor/EditorCore/EditorUtility.cs:593)
UnityEditor.ProBuilder.HierarchyListener:.cctor () (at Library/PackageCache/com.unity.probuilder@4.5.0/Editor/EditorCore/HierarchyListener.cs:21)
System.Runtime.CompilerServices.RuntimeHelpers:RunClassConstructor (System.RuntimeTypeHandle)
UnityEditor.EditorAssemblies:ProcessInitializeOnLoadAttributes (System.Type[])

[Library/PackageCache/com.unity.probuilder@4.5.0/Editor/EditorCore/EditorUtility.cs line 593]

Mono: successfully reloaded assembly
- Completed reload, in  1.891 seconds
Platform modules already initialized, skipping
Refreshing native plugins compatible for Editor in 0.39 ms, found 0 plugins.
Preloading 0 native plugins for Editor in 0.00 ms.
Unloading 1504 Unused Serialized files (Serialized files now loaded: 0)
System memory in use before: 77.3 MB.
System memory in use after: 75.4 MB.

Unloading 29 unused Assets to reduce memory usage. Loaded Objects now: 1989.
Total: 6.863000 ms (FindLiveObjects: 0.282900 ms CreateObjectMapping: 0.095700 ms MarkObjects: 3.278400 ms  DeleteObjects: 3.203800 ms)

========================================================================
Received Import Request.
  Time since last request: 19.819404 seconds.
  path: Assets/Scenes/AdvancedPlayground.unity
  artifactKey: Guid(fdafd3d5d6b0ddd4b920166cfe1fd6da) Importer(815301076,1909f56bfc062723c751e8b465ee728b)
Start importing Assets/Scenes/AdvancedPlayground.unity using Guid(fdafd3d5d6b0ddd4b920166cfe1fd6da) Importer(815301076,1909f56bfc062723c751e8b465ee728b)  -> (artifact id: 'e387bfd09d19386d6e711ac5f95305c8') in 0.049878 seconds
  Import took 0.055327 seconds .

========================================================================
Received Import Request.
  Time since last request: 2.927187 seconds.
  path: Assets/Scenes/PlayGround.unity
  artifactKey: Guid(9fc0d4010bbf28b4594072e72b8655ab) Importer(815301076,1909f56bfc062723c751e8b465ee728b)
Start importing Assets/Scenes/PlayGround.unity using Guid(9fc0d4010bbf28b4594072e72b8655ab) Importer(815301076,1909f56bfc062723c751e8b465ee728b)  -> (artifact id: '8355d808a7c7dd02807cf3e6af1a7c81') in 0.044409 seconds
  Import took 0.050503 seconds .

========================================================================
Received Import Request.
  Time since last request: 23.619112 seconds.
  path: Assets/Materials/Black.mat
  artifactKey: Guid(09cacdbce355b674693eb89d003dc0d5) Importer(815301076,1909f56bfc062723c751e8b465ee728b)
Start importing Assets/Materials/Black.mat using Guid(09cacdbce355b674693eb89d003dc0d5) Importer(815301076,1909f56bfc062723c751e8b465ee728b)  -> (artifact id: '1eb8cd045dc50a9c38f500848a8799a5') in 0.211417 seconds
  Import took 0.216285 seconds .

========================================================================
Received Import Request.
  Time since last request: 0.000387 seconds.
  path: Assets/Materials/Green.mat
  artifactKey: Guid(b845e1c0bf18b1149abbbd80a22c15a1) Importer(815301076,1909f56bfc062723c751e8b465ee728b)
Start importing Assets/Materials/Green.mat using Guid(b845e1c0bf18b1149abbbd80a22c15a1) Importer(815301076,1909f56bfc062723c751e8b465ee728b)  -> (artifact id: '8f736fcc0e698bc5443498d6e4a30bae') in 0.145498 seconds
  Import took 0.150287 seconds .

========================================================================
Received Import Request.
  Time since last request: 0.000386 seconds.
  path: Assets/Materials/Blue.mat
  artifactKey: Guid(6d6337c9a67a7e14983316e17a1d1ae9) Importer(815301076,1909f56bfc062723c751e8b465ee728b)
Start importing Assets/Materials/Blue.mat using Guid(6d6337c9a67a7e14983316e17a1d1ae9) Importer(815301076,1909f56bfc062723c751e8b465ee728b)  -> (artifact id: 'bb0daf5dd893f6c7327341035f267d50') in 0.091998 seconds
  Import took 0.097083 seconds .

========================================================================
Received Import Request.
  Time since last request: 0.000337 seconds.
  path: Assets/Materials/Red.mat
  artifactKey: Guid(3294f4b46ce740c40aafcb42574cc97b) Importer(815301076,1909f56bfc062723c751e8b465ee728b)
Start importing Assets/Materials/Red.mat using Guid(3294f4b46ce740c40aafcb42574cc97b) Importer(815301076,1909f56bfc062723c751e8b465ee728b)  -> (artifact id: 'e8be14d208e03ef0ebe3bdd64b357f0e') in 0.092284 seconds
  Import took 0.097779 seconds .

========================================================================
Received Import Request.
  Time since last request: 34.970570 seconds.
  path: Assets/Scenes/AdvancedPlayground.unity
  artifactKey: Guid(fdafd3d5d6b0ddd4b920166cfe1fd6da) Importer(815301076,1909f56bfc062723c751e8b465ee728b)
Start importing Assets/Scenes/AdvancedPlayground.unity using Guid(fdafd3d5d6b0ddd4b920166cfe1fd6da) Importer(815301076,1909f56bfc062723c751e8b465ee728b)  -> (artifact id: 'a54f07b27eb185782c7eaf0bb45572a1') in 0.044479 seconds
  Import took 0.050878 seconds .

========================================================================
Received Prepare
Registering precompiled user dll's ...
Registered in 0.002260 seconds.
Begin MonoManager ReloadAssembly
Native extension for WindowsStandalone target not found
Refreshing native plugins compatible for Editor in 1.07 ms, found 0 plugins.
Preloading 0 native plugins for Editor in 0.00 ms.
Invalid AssetDatabase path: /Editor/EditorResources/cm_logo_sm.png. Use path relative to the project folder.
UnityEngine.StackTraceUtility:ExtractStackTrace ()
UnityEditor.AssetDatabase:LoadAssetAtPath<UnityEngine.Texture2D> (string)
Cinemachine.Editor.CinemachineSettings:get_CinemachineLogoTexture () (at Library/PackageCache/com.unity.cinemachine@2.6.4/Editor/Windows/CinemachineSettings.cs:205)
Cinemachine.Editor.CinemachineSettings:.cctor () (at Library/PackageCache/com.unity.cinemachine@2.6.4/Editor/Windows/CinemachineSettings.cs:237)
Cinemachine.CinemachineColliderPrefs:.cctor () (at Library/PackageCache/com.unity.cinemachine@2.6.4/Editor/Windows/CinemachineColliderPrefs.cs:61)
System.Runtime.CompilerServices.RuntimeHelpers:RunClassConstructor (System.RuntimeTypeHandle)
UnityEditor.EditorAssemblies:ProcessInitializeOnLoadAttributes (System.Type[])

[Library/PackageCache/com.unity.cinemachine@2.6.4/Editor/Windows/CinemachineSettings.cs line 205]

Warning: Annotation not found!
UnityEngine.StackTraceUtility:ExtractStackTrace ()
UnityEditor.ProBuilder.EditorUtility:SetGizmoIconEnabled (System.Type,bool) (at Library/PackageCache/com.unity.probuilder@4.5.0/Editor/EditorCore/EditorUtility.cs:593)
UnityEditor.ProBuilder.HierarchyListener:.cctor () (at Library/PackageCache/com.unity.probuilder@4.5.0/Editor/EditorCore/HierarchyListener.cs:21)
System.Runtime.CompilerServices.RuntimeHelpers:RunClassConstructor (System.RuntimeTypeHandle)
UnityEditor.EditorAssemblies:ProcessInitializeOnLoadAttributes (System.Type[])

[Library/PackageCache/com.unity.probuilder@4.5.0/Editor/EditorCore/EditorUtility.cs line 593]

Mono: successfully reloaded assembly
- Completed reload, in  2.459 seconds
Platform modules already initialized, skipping
Refreshing native plugins compatible for Editor in 0.66 ms, found 0 plugins.
Preloading 0 native plugins for Editor in 0.00 ms.
Unloading 1650 Unused Serialized files (Serialized files now loaded: 0)
System memory in use before: 82.1 MB.
System memory in use after: 80.1 MB.

Unloading 30 unused Assets to reduce memory usage. Loaded Objects now: 2138.
Total: 6.519400 ms (FindLiveObjects: 0.344500 ms CreateObjectMapping: 0.207100 ms MarkObjects: 3.183500 ms  DeleteObjects: 2.782300 ms)

========================================================================
Received Import Request.
  Time since last request: 1001.461298 seconds.
  path: Assets/Scripts/Week 2 Project Scripts/AdvancedPlayerController.cs
  artifactKey: Guid(1da60295d7d3bfe4dbd2b4f464e2e85e) Importer(815301076,1909f56bfc062723c751e8b465ee728b)
Start importing Assets/Scripts/Week 2 Project Scripts/AdvancedPlayerController.cs using Guid(1da60295d7d3bfe4dbd2b4f464e2e85e) Importer(815301076,1909f56bfc062723c751e8b465ee728b)  -> (artifact id: '2dafdfe24b8c9215cdf92880d1eb5b9c') in 0.080865 seconds
  Import took 0.087025 seconds .

========================================================================
Received Prepare
Registering precompiled user dll's ...
Registered in 0.002295 seconds.
Begin MonoManager ReloadAssembly
Native extension for WindowsStandalone target not found
Refreshing native plugins compatible for Editor in 0.63 ms, found 0 plugins.
Preloading 0 native plugins for Editor in 0.00 ms.
Warning: Annotation not found!
UnityEngine.StackTraceUtility:ExtractStackTrace ()
UnityEditor.ProBuilder.EditorUtility:SetGizmoIconEnabled (System.Type,bool) (at Library/PackageCache/com.unity.probuilder@4.5.0/Editor/EditorCore/EditorUtility.cs:593)
UnityEditor.ProBuilder.HierarchyListener:.cctor () (at Library/PackageCache/com.unity.probuilder@4.5.0/Editor/EditorCore/HierarchyListener.cs:21)
System.Runtime.CompilerServices.RuntimeHelpers:RunClassConstructor (System.RuntimeTypeHandle)
UnityEditor.EditorAssemblies:ProcessInitializeOnLoadAttributes (System.Type[])

[Library/PackageCache/com.unity.probuilder@4.5.0/Editor/EditorCore/EditorUtility.cs line 593]

Mono: successfully reloaded assembly
- Completed reload, in  1.952 seconds
Platform modules already initialized, skipping
Refreshing native plugins compatible for Editor in 0.73 ms, found 0 plugins.
Preloading 0 native plugins for Editor in 0.00 ms.
Unloading 1651 Unused Serialized files (Serialized files now loaded: 0)
System memory in use before: 82.2 MB.
System memory in use after: 80.3 MB.

Unloading 31 unused Assets to reduce memory usage. Loaded Objects now: 2142.
Total: 6.086400 ms (FindLiveObjects: 0.254900 ms CreateObjectMapping: 0.151500 ms MarkObjects: 3.099100 ms  DeleteObjects: 2.578900 ms)

AssetImportWorkerClient::OnTransportError - code=2 error=End of file
